#! /usr/bin/vvp
:ivl_version "11.0 (stable)";
:ivl_delay_selection "TYPICAL";
:vpi_time_precision + 0;
:vpi_module "/usr/lib/x86_64-linux-gnu/ivl/system.vpi";
:vpi_module "/usr/lib/x86_64-linux-gnu/ivl/vhdl_sys.vpi";
:vpi_module "/usr/lib/x86_64-linux-gnu/ivl/vhdl_textio.vpi";
:vpi_module "/usr/lib/x86_64-linux-gnu/ivl/v2005_math.vpi";
:vpi_module "/usr/lib/x86_64-linux-gnu/ivl/va_math.vpi";
S_0x562d9f3d6140 .scope module, "tb_ALU" "tb_ALU" 2 3;
 .timescale 0 0;
v0x562d9f44fb50_0 .var "A", 3 0;
v0x562d9f44fc30_0 .var "B", 3 0;
v0x562d9f44fd80_0 .net "CarryOut", 0 0, L_0x562d9f4561a0;  1 drivers
v0x562d9f44fe20_0 .net "Out", 3 0, L_0x562d9f459d40;  1 drivers
v0x562d9f44fef0_0 .var "S", 1 0;
S_0x562d9f3d5f60 .scope module, "DUT" "ALU" 2 9, 3 7 0, S_0x562d9f3d6140;
 .timescale 0 0;
    .port_info 0 /OUTPUT 1 "CarryOut";
    .port_info 1 /OUTPUT 4 "Out";
    .port_info 2 /INPUT 4 "A";
    .port_info 3 /INPUT 4 "B";
    .port_info 4 /INPUT 2 "S";
L_0x562d9f450d70 .functor OR 1, L_0x562d9f450e30, L_0x562d9f450f20, C4<0>, C4<0>;
L_0x562d9f459400 .functor OR 1, L_0x562d9f459500, L_0x562d9f458330, L_0x562d9f4595a0, C4<0>;
L_0x562d9f4596e0 .functor OR 1, L_0x562d9f459750, L_0x562d9f4584c0, L_0x562d9f4598d0, C4<0>;
L_0x562d9f459a60 .functor OR 1, L_0x562d9f459b90, L_0x562d9f458130, L_0x562d9f459c30, C4<0>;
L_0x562d9f459ed0 .functor OR 1, L_0x562d9f459f90, L_0x562d9f45a100, C4<0>, C4<0>;
v0x562d9f44df50_0 .net "A", 3 0, v0x562d9f44fb50_0;  1 drivers
v0x562d9f44e030_0 .net "AinAdd", 3 0, L_0x562d9f453a70;  1 drivers
v0x562d9f44e0f0_0 .net "AinAnd", 3 0, L_0x562d9f451430;  1 drivers
v0x562d9f44e1e0_0 .net "AinComp", 3 0, L_0x562d9f4528e0;  1 drivers
v0x562d9f44e2f0_0 .net "B", 3 0, v0x562d9f44fc30_0;  1 drivers
v0x562d9f44e400_0 .net "BinAdd", 3 0, L_0x562d9f4544d0;  1 drivers
v0x562d9f44e510_0 .net "BinAnd", 3 0, L_0x562d9f451e10;  1 drivers
v0x562d9f44e620_0 .net "BinComp", 3 0, L_0x562d9f453120;  1 drivers
v0x562d9f44e730_0 .net "CarryOut", 0 0, L_0x562d9f4561a0;  alias, 1 drivers
v0x562d9f44e7d0_0 .net "D", 3 0, L_0x562d9f450760;  1 drivers
v0x562d9f44e890_0 .net "Equal", 0 0, L_0x562d9f458330;  1 drivers
v0x562d9f44e930_0 .net "Greater", 0 0, L_0x562d9f458130;  1 drivers
v0x562d9f44e9d0_0 .net "Less", 0 0, L_0x562d9f4584c0;  1 drivers
v0x562d9f44ea70_0 .net "Out", 3 0, L_0x562d9f459d40;  alias, 1 drivers
v0x562d9f44eb10_0 .net "OutAnd", 3 0, L_0x562d9f458f30;  1 drivers
v0x562d9f44ebb0_0 .net "S", 1 0, v0x562d9f44fef0_0;  1 drivers
v0x562d9f44ec50_0 .net "SumAdd", 3 0, L_0x562d9f4562a0;  1 drivers
v0x562d9f44ee00_0 .net *"_ivl_1", 0 0, L_0x562d9f450e30;  1 drivers
v0x562d9f44eea0_0 .net *"_ivl_12", 0 0, L_0x562d9f459400;  1 drivers
v0x562d9f44ef80_0 .net *"_ivl_15", 0 0, L_0x562d9f459500;  1 drivers
v0x562d9f44f060_0 .net *"_ivl_17", 0 0, L_0x562d9f4595a0;  1 drivers
v0x562d9f44f140_0 .net *"_ivl_18", 0 0, L_0x562d9f4596e0;  1 drivers
v0x562d9f44f220_0 .net *"_ivl_21", 0 0, L_0x562d9f459750;  1 drivers
v0x562d9f44f300_0 .net *"_ivl_23", 0 0, L_0x562d9f4598d0;  1 drivers
v0x562d9f44f3e0_0 .net *"_ivl_24", 0 0, L_0x562d9f459a60;  1 drivers
v0x562d9f44f4c0_0 .net *"_ivl_27", 0 0, L_0x562d9f459b90;  1 drivers
v0x562d9f44f5a0_0 .net *"_ivl_29", 0 0, L_0x562d9f459c30;  1 drivers
v0x562d9f44f680_0 .net *"_ivl_3", 0 0, L_0x562d9f450f20;  1 drivers
v0x562d9f44f760_0 .net *"_ivl_30", 0 0, L_0x562d9f459ed0;  1 drivers
v0x562d9f44f840_0 .net *"_ivl_34", 0 0, L_0x562d9f459f90;  1 drivers
v0x562d9f44f920_0 .net *"_ivl_36", 0 0, L_0x562d9f45a100;  1 drivers
v0x562d9f44fa00_0 .net "t1", 0 0, L_0x562d9f450d70;  1 drivers
L_0x562d9f450e30 .part L_0x562d9f450760, 0, 1;
L_0x562d9f450f20 .part L_0x562d9f450760, 1, 1;
L_0x562d9f452420 .part L_0x562d9f450760, 3, 1;
L_0x562d9f453620 .part L_0x562d9f450760, 2, 1;
L_0x562d9f4565c0 .part L_0x562d9f450760, 1, 1;
L_0x562d9f458660 .part L_0x562d9f450760, 2, 1;
L_0x562d9f459500 .part L_0x562d9f4562a0, 0, 1;
L_0x562d9f4595a0 .part L_0x562d9f458f30, 0, 1;
L_0x562d9f459750 .part L_0x562d9f4562a0, 1, 1;
L_0x562d9f4598d0 .part L_0x562d9f458f30, 1, 1;
L_0x562d9f459b90 .part L_0x562d9f4562a0, 2, 1;
L_0x562d9f459c30 .part L_0x562d9f458f30, 2, 1;
L_0x562d9f459d40 .concat8 [ 1 1 1 1], L_0x562d9f459400, L_0x562d9f4596e0, L_0x562d9f459a60, L_0x562d9f459ed0;
L_0x562d9f459f90 .part L_0x562d9f4562a0, 3, 1;
L_0x562d9f45a100 .part L_0x562d9f458f30, 3, 1;
S_0x562d9f3d5d80 .scope module, "A1" "And" 3 31, 4 1 0, S_0x562d9f3d5f60;
 .timescale 0 0;
    .port_info 0 /OUTPUT 4 "Out";
    .port_info 1 /INPUT 4 "A";
    .port_info 2 /INPUT 4 "B";
L_0x562d9f458810 .functor AND 1, L_0x562d9f458880, L_0x562d9f458970, C4<1>, C4<1>;
L_0x562d9f458aa0 .functor AND 1, L_0x562d9f458b10, L_0x562d9f458bb0, C4<1>, C4<1>;
L_0x562d9f458ca0 .functor AND 1, L_0x562d9f458d10, L_0x562d9f458e00, C4<1>, C4<1>;
L_0x562d9f459110 .functor AND 1, L_0x562d9f4591d0, L_0x562d9f459310, C4<1>, C4<1>;
v0x562d9f3e16b0_0 .net "A", 3 0, L_0x562d9f451430;  alias, 1 drivers
v0x562d9f3e6b60_0 .net "B", 3 0, L_0x562d9f451e10;  alias, 1 drivers
v0x562d9f3e5f60_0 .net "Out", 3 0, L_0x562d9f458f30;  alias, 1 drivers
v0x562d9f41f1c0_0 .net *"_ivl_0", 0 0, L_0x562d9f458810;  1 drivers
v0x562d9f443330_0 .net *"_ivl_11", 0 0, L_0x562d9f458bb0;  1 drivers
v0x562d9f443460_0 .net *"_ivl_12", 0 0, L_0x562d9f458ca0;  1 drivers
v0x562d9f443540_0 .net *"_ivl_15", 0 0, L_0x562d9f458d10;  1 drivers
v0x562d9f443620_0 .net *"_ivl_17", 0 0, L_0x562d9f458e00;  1 drivers
v0x562d9f443700_0 .net *"_ivl_18", 0 0, L_0x562d9f459110;  1 drivers
v0x562d9f4437e0_0 .net *"_ivl_22", 0 0, L_0x562d9f4591d0;  1 drivers
v0x562d9f4438c0_0 .net *"_ivl_24", 0 0, L_0x562d9f459310;  1 drivers
v0x562d9f4439a0_0 .net *"_ivl_3", 0 0, L_0x562d9f458880;  1 drivers
v0x562d9f443a80_0 .net *"_ivl_5", 0 0, L_0x562d9f458970;  1 drivers
v0x562d9f443b60_0 .net *"_ivl_6", 0 0, L_0x562d9f458aa0;  1 drivers
v0x562d9f443c40_0 .net *"_ivl_9", 0 0, L_0x562d9f458b10;  1 drivers
L_0x562d9f458880 .part L_0x562d9f451430, 3, 1;
L_0x562d9f458970 .part L_0x562d9f451e10, 3, 1;
L_0x562d9f458b10 .part L_0x562d9f451430, 2, 1;
L_0x562d9f458bb0 .part L_0x562d9f451e10, 2, 1;
L_0x562d9f458d10 .part L_0x562d9f451430, 1, 1;
L_0x562d9f458e00 .part L_0x562d9f451e10, 1, 1;
L_0x562d9f458f30 .concat8 [ 1 1 1 1], L_0x562d9f459110, L_0x562d9f458ca0, L_0x562d9f458aa0, L_0x562d9f458810;
L_0x562d9f4591d0 .part L_0x562d9f451430, 0, 1;
L_0x562d9f459310 .part L_0x562d9f451e10, 0, 1;
S_0x562d9f443da0 .scope module, "D1" "Decoder" 3 24, 5 1 0, S_0x562d9f3d5f60;
 .timescale 0 0;
    .port_info 0 /OUTPUT 4 "D";
    .port_info 1 /INPUT 2 "S";
L_0x562d9f44ff90 .functor NOT 1, L_0x562d9f450020, C4<0>, C4<0>, C4<0>;
L_0x562d9f450110 .functor NOT 1, L_0x562d9f4501d0, C4<0>, C4<0>, C4<0>;
L_0x562d9f450350 .functor AND 1, L_0x562d9f44ff90, L_0x562d9f450110, C4<1>, C4<1>;
L_0x562d9f450410 .functor AND 1, L_0x562d9f4504b0, L_0x562d9f450110, C4<1>, C4<1>;
L_0x562d9f4505a0 .functor AND 1, L_0x562d9f44ff90, L_0x562d9f450640, C4<1>, C4<1>;
L_0x562d9f450940 .functor AND 1, L_0x562d9f450a40, L_0x562d9f450b70, C4<1>, C4<1>;
v0x562d9f443f30_0 .net "D", 3 0, L_0x562d9f450760;  alias, 1 drivers
v0x562d9f444030_0 .net "S", 1 0, v0x562d9f44fef0_0;  alias, 1 drivers
v0x562d9f444110_0 .net "Sc0", 0 0, L_0x562d9f44ff90;  1 drivers
v0x562d9f4441b0_0 .net "Sc1", 0 0, L_0x562d9f450110;  1 drivers
v0x562d9f444270_0 .net *"_ivl_1", 0 0, L_0x562d9f450020;  1 drivers
v0x562d9f4443a0_0 .net *"_ivl_10", 0 0, L_0x562d9f4505a0;  1 drivers
v0x562d9f444480_0 .net *"_ivl_13", 0 0, L_0x562d9f450640;  1 drivers
v0x562d9f444560_0 .net *"_ivl_14", 0 0, L_0x562d9f450940;  1 drivers
v0x562d9f444640_0 .net *"_ivl_18", 0 0, L_0x562d9f450a40;  1 drivers
v0x562d9f444720_0 .net *"_ivl_20", 0 0, L_0x562d9f450b70;  1 drivers
v0x562d9f444800_0 .net *"_ivl_3", 0 0, L_0x562d9f4501d0;  1 drivers
v0x562d9f4448e0_0 .net *"_ivl_4", 0 0, L_0x562d9f450350;  1 drivers
v0x562d9f4449c0_0 .net *"_ivl_6", 0 0, L_0x562d9f450410;  1 drivers
v0x562d9f444aa0_0 .net *"_ivl_9", 0 0, L_0x562d9f4504b0;  1 drivers
L_0x562d9f450020 .part v0x562d9f44fef0_0, 0, 1;
L_0x562d9f4501d0 .part v0x562d9f44fef0_0, 1, 1;
L_0x562d9f4504b0 .part v0x562d9f44fef0_0, 0, 1;
L_0x562d9f450640 .part v0x562d9f44fef0_0, 1, 1;
L_0x562d9f450760 .concat8 [ 1 1 1 1], L_0x562d9f450350, L_0x562d9f450410, L_0x562d9f4505a0, L_0x562d9f450940;
L_0x562d9f450a40 .part v0x562d9f44fef0_0, 0, 1;
L_0x562d9f450b70 .part v0x562d9f44fef0_0, 1, 1;
S_0x562d9f444be0 .scope module, "adder" "AdderSubtractor" 3 29, 6 12 0, S_0x562d9f3d5f60;
 .timescale 0 0;
    .port_info 0 /OUTPUT 4 "Sum";
    .port_info 1 /OUTPUT 1 "Carry";
    .port_info 2 /INPUT 4 "A";
    .port_info 3 /INPUT 4 "B";
    .port_info 4 /INPUT 1 "M";
L_0x562d9f454ad0 .functor XOR 1, L_0x562d9f4565c0, L_0x562d9f454b90, C4<0>, C4<0>;
L_0x562d9f454c80 .functor XOR 1, L_0x562d9f4565c0, L_0x562d9f454cf0, C4<0>, C4<0>;
L_0x562d9f454de0 .functor XOR 1, L_0x562d9f4565c0, L_0x562d9f454ea0, C4<0>, C4<0>;
L_0x562d9f454f40 .functor XOR 1, L_0x562d9f4565c0, L_0x562d9f455000, C4<0>, C4<0>;
v0x562d9f447100_0 .net "A", 3 0, L_0x562d9f453a70;  alias, 1 drivers
v0x562d9f447200_0 .net "B", 3 0, L_0x562d9f4544d0;  alias, 1 drivers
v0x562d9f4472e0_0 .net "B0", 0 0, L_0x562d9f454ad0;  1 drivers
v0x562d9f4473b0_0 .net "B1", 0 0, L_0x562d9f454c80;  1 drivers
v0x562d9f447480_0 .net "B2", 0 0, L_0x562d9f454de0;  1 drivers
v0x562d9f447570_0 .net "B3", 0 0, L_0x562d9f454f40;  1 drivers
v0x562d9f447640_0 .net "Carry", 0 0, L_0x562d9f4561a0;  alias, 1 drivers
v0x562d9f447710_0 .net "Cout0", 0 0, L_0x562d9f455350;  1 drivers
v0x562d9f447800_0 .net "Cout1", 0 0, L_0x562d9f455820;  1 drivers
v0x562d9f447930_0 .net "Cout2", 0 0, L_0x562d9f455ce0;  1 drivers
v0x562d9f447a20_0 .net "M", 0 0, L_0x562d9f4565c0;  1 drivers
v0x562d9f447ac0_0 .net "Sum", 3 0, L_0x562d9f4562a0;  alias, 1 drivers
v0x562d9f447b60_0 .net *"_ivl_1", 0 0, L_0x562d9f454b90;  1 drivers
v0x562d9f447c00_0 .net *"_ivl_3", 0 0, L_0x562d9f454cf0;  1 drivers
v0x562d9f447ca0_0 .net *"_ivl_5", 0 0, L_0x562d9f454ea0;  1 drivers
v0x562d9f447d60_0 .net *"_ivl_7", 0 0, L_0x562d9f455000;  1 drivers
L_0x562d9f454b90 .part L_0x562d9f4544d0, 0, 1;
L_0x562d9f454cf0 .part L_0x562d9f4544d0, 1, 1;
L_0x562d9f454ea0 .part L_0x562d9f4544d0, 2, 1;
L_0x562d9f455000 .part L_0x562d9f4544d0, 3, 1;
L_0x562d9f455410 .part L_0x562d9f453a70, 0, 1;
L_0x562d9f4558e0 .part L_0x562d9f453a70, 1, 1;
L_0x562d9f455da0 .part L_0x562d9f453a70, 2, 1;
L_0x562d9f4562a0 .concat8 [ 1 1 1 1], L_0x562d9f455160, L_0x562d9f4555b0, L_0x562d9f4559f0, L_0x562d9f455eb0;
L_0x562d9f456520 .part L_0x562d9f453a70, 3, 1;
S_0x562d9f444d70 .scope module, "S0" "fullAdder" 6 24, 6 1 0, S_0x562d9f444be0;
 .timescale 0 0;
    .port_info 0 /OUTPUT 1 "Cout";
    .port_info 1 /OUTPUT 1 "S";
    .port_info 2 /INPUT 1 "A";
    .port_info 3 /INPUT 1 "B";
    .port_info 4 /INPUT 1 "Cin";
L_0x562d9f4550f0 .functor XOR 1, L_0x562d9f455410, L_0x562d9f454ad0, C4<0>, C4<0>;
L_0x562d9f455160 .functor XOR 1, L_0x562d9f4550f0, L_0x562d9f4565c0, C4<0>, C4<0>;
L_0x562d9f455220 .functor AND 1, L_0x562d9f455410, L_0x562d9f454ad0, C4<1>, C4<1>;
L_0x562d9f4552e0 .functor AND 1, L_0x562d9f4550f0, L_0x562d9f4565c0, C4<1>, C4<1>;
L_0x562d9f455350 .functor OR 1, L_0x562d9f455220, L_0x562d9f4552e0, C4<0>, C4<0>;
v0x562d9f444f50_0 .net "A", 0 0, L_0x562d9f455410;  1 drivers
v0x562d9f445010_0 .net "B", 0 0, L_0x562d9f454ad0;  alias, 1 drivers
v0x562d9f4450d0_0 .net "C1out", 0 0, L_0x562d9f455220;  1 drivers
v0x562d9f445170_0 .net "C2out", 0 0, L_0x562d9f4552e0;  1 drivers
v0x562d9f445230_0 .net "Cin", 0 0, L_0x562d9f4565c0;  alias, 1 drivers
v0x562d9f445340_0 .net "Cout", 0 0, L_0x562d9f455350;  alias, 1 drivers
v0x562d9f445400_0 .net "S", 0 0, L_0x562d9f455160;  1 drivers
v0x562d9f4454c0_0 .net "S1out", 0 0, L_0x562d9f4550f0;  1 drivers
S_0x562d9f445620 .scope module, "S1" "fullAdder" 6 25, 6 1 0, S_0x562d9f444be0;
 .timescale 0 0;
    .port_info 0 /OUTPUT 1 "Cout";
    .port_info 1 /OUTPUT 1 "S";
    .port_info 2 /INPUT 1 "A";
    .port_info 3 /INPUT 1 "B";
    .port_info 4 /INPUT 1 "Cin";
L_0x562d9f455540 .functor XOR 1, L_0x562d9f4558e0, L_0x562d9f454c80, C4<0>, C4<0>;
L_0x562d9f4555b0 .functor XOR 1, L_0x562d9f455540, L_0x562d9f455350, C4<0>, C4<0>;
L_0x562d9f4556b0 .functor AND 1, L_0x562d9f4558e0, L_0x562d9f454c80, C4<1>, C4<1>;
L_0x562d9f4557b0 .functor AND 1, L_0x562d9f455540, L_0x562d9f455350, C4<1>, C4<1>;
L_0x562d9f455820 .functor OR 1, L_0x562d9f4556b0, L_0x562d9f4557b0, C4<0>, C4<0>;
v0x562d9f445820_0 .net "A", 0 0, L_0x562d9f4558e0;  1 drivers
v0x562d9f4458e0_0 .net "B", 0 0, L_0x562d9f454c80;  alias, 1 drivers
v0x562d9f4459a0_0 .net "C1out", 0 0, L_0x562d9f4556b0;  1 drivers
v0x562d9f445a70_0 .net "C2out", 0 0, L_0x562d9f4557b0;  1 drivers
v0x562d9f445b30_0 .net "Cin", 0 0, L_0x562d9f455350;  alias, 1 drivers
v0x562d9f445c20_0 .net "Cout", 0 0, L_0x562d9f455820;  alias, 1 drivers
v0x562d9f445cc0_0 .net "S", 0 0, L_0x562d9f4555b0;  1 drivers
v0x562d9f445d80_0 .net "S1out", 0 0, L_0x562d9f455540;  1 drivers
S_0x562d9f445f10 .scope module, "S2" "fullAdder" 6 26, 6 1 0, S_0x562d9f444be0;
 .timescale 0 0;
    .port_info 0 /OUTPUT 1 "Cout";
    .port_info 1 /OUTPUT 1 "S";
    .port_info 2 /INPUT 1 "A";
    .port_info 3 /INPUT 1 "B";
    .port_info 4 /INPUT 1 "Cin";
L_0x562d9f455980 .functor XOR 1, L_0x562d9f455da0, L_0x562d9f454de0, C4<0>, C4<0>;
L_0x562d9f4559f0 .functor XOR 1, L_0x562d9f455980, L_0x562d9f455820, C4<0>, C4<0>;
L_0x562d9f455b40 .functor AND 1, L_0x562d9f455da0, L_0x562d9f454de0, C4<1>, C4<1>;
L_0x562d9f455c40 .functor AND 1, L_0x562d9f455980, L_0x562d9f455820, C4<1>, C4<1>;
L_0x562d9f455ce0 .functor OR 1, L_0x562d9f455b40, L_0x562d9f455c40, C4<0>, C4<0>;
v0x562d9f446120_0 .net "A", 0 0, L_0x562d9f455da0;  1 drivers
v0x562d9f4461e0_0 .net "B", 0 0, L_0x562d9f454de0;  alias, 1 drivers
v0x562d9f4462a0_0 .net "C1out", 0 0, L_0x562d9f455b40;  1 drivers
v0x562d9f446370_0 .net "C2out", 0 0, L_0x562d9f455c40;  1 drivers
v0x562d9f446430_0 .net "Cin", 0 0, L_0x562d9f455820;  alias, 1 drivers
v0x562d9f446520_0 .net "Cout", 0 0, L_0x562d9f455ce0;  alias, 1 drivers
v0x562d9f4465c0_0 .net "S", 0 0, L_0x562d9f4559f0;  1 drivers
v0x562d9f446680_0 .net "S1out", 0 0, L_0x562d9f455980;  1 drivers
S_0x562d9f446810 .scope module, "S3" "fullAdder" 6 27, 6 1 0, S_0x562d9f444be0;
 .timescale 0 0;
    .port_info 0 /OUTPUT 1 "Cout";
    .port_info 1 /OUTPUT 1 "S";
    .port_info 2 /INPUT 1 "A";
    .port_info 3 /INPUT 1 "B";
    .port_info 4 /INPUT 1 "Cin";
L_0x562d9f455e40 .functor XOR 1, L_0x562d9f456520, L_0x562d9f454f40, C4<0>, C4<0>;
L_0x562d9f455eb0 .functor XOR 1, L_0x562d9f455e40, L_0x562d9f455ce0, C4<0>, C4<0>;
L_0x562d9f456000 .functor AND 1, L_0x562d9f456520, L_0x562d9f454f40, C4<1>, C4<1>;
L_0x562d9f456100 .functor AND 1, L_0x562d9f455e40, L_0x562d9f455ce0, C4<1>, C4<1>;
L_0x562d9f4561a0 .functor OR 1, L_0x562d9f456000, L_0x562d9f456100, C4<0>, C4<0>;
v0x562d9f4469f0_0 .net "A", 0 0, L_0x562d9f456520;  1 drivers
v0x562d9f446ad0_0 .net "B", 0 0, L_0x562d9f454f40;  alias, 1 drivers
v0x562d9f446b90_0 .net "C1out", 0 0, L_0x562d9f456000;  1 drivers
v0x562d9f446c60_0 .net "C2out", 0 0, L_0x562d9f456100;  1 drivers
v0x562d9f446d20_0 .net "Cin", 0 0, L_0x562d9f455ce0;  alias, 1 drivers
v0x562d9f446e10_0 .net "Cout", 0 0, L_0x562d9f4561a0;  alias, 1 drivers
v0x562d9f446eb0_0 .net "S", 0 0, L_0x562d9f455eb0;  1 drivers
v0x562d9f446f70_0 .net "S1out", 0 0, L_0x562d9f455e40;  1 drivers
S_0x562d9f447ee0 .scope module, "comp" "Comparator" 3 30, 7 1 0, S_0x562d9f3d5f60;
 .timescale 0 0;
    .port_info 0 /OUTPUT 1 "Greater";
    .port_info 1 /OUTPUT 1 "Equal";
    .port_info 2 /OUTPUT 1 "Less";
    .port_info 3 /INPUT 4 "A";
    .port_info 4 /INPUT 4 "B";
    .port_info 5 /INPUT 1 "En";
L_0x562d9f456660 .functor XNOR 1, L_0x562d9f4566d0, L_0x562d9f4567c0, C4<0>, C4<0>;
L_0x562d9f4568f0 .functor XNOR 1, L_0x562d9f456960, L_0x562d9f456a00, C4<0>, C4<0>;
L_0x562d9f456af0 .functor XNOR 1, L_0x562d9f456b60, L_0x562d9f456c50, C4<0>, C4<0>;
L_0x562d9f456d40 .functor XNOR 1, L_0x562d9f456de0, L_0x562d9f456ed0, C4<0>, C4<0>;
L_0x562d9f457010 .functor NOT 1, L_0x562d9f457080, C4<0>, C4<0>, C4<0>;
L_0x562d9f457280 .functor NOT 1, L_0x562d9f4572f0, C4<0>, C4<0>, C4<0>;
L_0x562d9f457440 .functor NOT 1, L_0x562d9f4574b0, C4<0>, C4<0>, C4<0>;
L_0x562d9f457550 .functor NOT 1, L_0x562d9f457610, C4<0>, C4<0>, C4<0>;
L_0x562d9f457770 .functor AND 1, L_0x562d9f457830, L_0x562d9f457010, C4<1>, C4<1>;
L_0x562d9f457a30 .functor AND 1, L_0x562d9f457bd0, L_0x562d9f457280, L_0x562d9f456660, C4<1>;
L_0x562d9f457700 .functor AND 1, L_0x562d9f457d90, L_0x562d9f457440, L_0x562d9f456660, L_0x562d9f4568f0;
L_0x562d9f457e80/0/0 .functor AND 1, L_0x562d9f457fb0, L_0x562d9f457550, L_0x562d9f456660, L_0x562d9f4568f0;
L_0x562d9f457e80/0/4 .functor AND 1, L_0x562d9f456af0, C4<1>, C4<1>, C4<1>;
L_0x562d9f457e80 .functor AND 1, L_0x562d9f457e80/0/0, L_0x562d9f457e80/0/4, C4<1>, C4<1>;
L_0x562d9f458130 .functor OR 1, L_0x562d9f457e80, L_0x562d9f457700, L_0x562d9f457a30, L_0x562d9f457770;
L_0x562d9f458330/0/0 .functor AND 1, L_0x562d9f456d40, L_0x562d9f456af0, L_0x562d9f4568f0, L_0x562d9f456660;
L_0x562d9f458330/0/4 .functor AND 1, L_0x562d9f458660, C4<1>, C4<1>, C4<1>;
L_0x562d9f458330 .functor AND 1, L_0x562d9f458330/0/0, L_0x562d9f458330/0/4, C4<1>, C4<1>;
L_0x562d9f457f40 .functor NOR 1, L_0x562d9f458130, L_0x562d9f458330, C4<0>, C4<0>;
L_0x562d9f4584c0 .functor AND 1, L_0x562d9f457f40, L_0x562d9f458660, C4<1>, C4<1>;
v0x562d9f448160_0 .net "A", 3 0, L_0x562d9f4528e0;  alias, 1 drivers
v0x562d9f448260_0 .net "B", 3 0, L_0x562d9f453120;  alias, 1 drivers
v0x562d9f448340_0 .net "En", 0 0, L_0x562d9f458660;  1 drivers
v0x562d9f4483e0_0 .net "Equal", 0 0, L_0x562d9f458330;  alias, 1 drivers
v0x562d9f4484a0_0 .net "Greater", 0 0, L_0x562d9f458130;  alias, 1 drivers
v0x562d9f4485b0_0 .net "Less", 0 0, L_0x562d9f4584c0;  alias, 1 drivers
v0x562d9f448670_0 .net *"_ivl_1", 0 0, L_0x562d9f4566d0;  1 drivers
v0x562d9f448750_0 .net *"_ivl_11", 0 0, L_0x562d9f456c50;  1 drivers
v0x562d9f448830_0 .net *"_ivl_13", 0 0, L_0x562d9f456de0;  1 drivers
v0x562d9f4489a0_0 .net *"_ivl_15", 0 0, L_0x562d9f456ed0;  1 drivers
v0x562d9f448a80_0 .net *"_ivl_17", 0 0, L_0x562d9f457080;  1 drivers
v0x562d9f448b60_0 .net *"_ivl_19", 0 0, L_0x562d9f4572f0;  1 drivers
v0x562d9f448c40_0 .net *"_ivl_21", 0 0, L_0x562d9f4574b0;  1 drivers
v0x562d9f448d20_0 .net *"_ivl_23", 0 0, L_0x562d9f457610;  1 drivers
v0x562d9f448e00_0 .net *"_ivl_25", 0 0, L_0x562d9f457830;  1 drivers
v0x562d9f448ee0_0 .net *"_ivl_27", 0 0, L_0x562d9f457bd0;  1 drivers
v0x562d9f448fc0_0 .net *"_ivl_29", 0 0, L_0x562d9f457d90;  1 drivers
v0x562d9f4490a0_0 .net *"_ivl_3", 0 0, L_0x562d9f4567c0;  1 drivers
v0x562d9f449180_0 .net *"_ivl_31", 0 0, L_0x562d9f457fb0;  1 drivers
v0x562d9f449260_0 .net *"_ivl_5", 0 0, L_0x562d9f456960;  1 drivers
v0x562d9f449340_0 .net *"_ivl_7", 0 0, L_0x562d9f456a00;  1 drivers
v0x562d9f449420_0 .net *"_ivl_9", 0 0, L_0x562d9f456b60;  1 drivers
v0x562d9f449500_0 .net "b0c", 0 0, L_0x562d9f457550;  1 drivers
v0x562d9f4495c0_0 .net "b1c", 0 0, L_0x562d9f457440;  1 drivers
v0x562d9f449680_0 .net "b2c", 0 0, L_0x562d9f457280;  1 drivers
v0x562d9f449740_0 .net "b3c", 0 0, L_0x562d9f457010;  1 drivers
v0x562d9f449800_0 .net "eq0", 0 0, L_0x562d9f456d40;  1 drivers
v0x562d9f4498c0_0 .net "eq1", 0 0, L_0x562d9f456af0;  1 drivers
v0x562d9f449980_0 .net "eq2", 0 0, L_0x562d9f4568f0;  1 drivers
v0x562d9f449a40_0 .net "eq3", 0 0, L_0x562d9f456660;  1 drivers
v0x562d9f449b00_0 .net "gt0", 0 0, L_0x562d9f457e80;  1 drivers
v0x562d9f449bc0_0 .net "gt1", 0 0, L_0x562d9f457700;  1 drivers
v0x562d9f449c80_0 .net "gt2", 0 0, L_0x562d9f457a30;  1 drivers
v0x562d9f449d40_0 .net "gt3", 0 0, L_0x562d9f457770;  1 drivers
v0x562d9f449e00_0 .net "tempLess", 0 0, L_0x562d9f457f40;  1 drivers
L_0x562d9f4566d0 .part L_0x562d9f4528e0, 3, 1;
L_0x562d9f4567c0 .part L_0x562d9f453120, 3, 1;
L_0x562d9f456960 .part L_0x562d9f4528e0, 2, 1;
L_0x562d9f456a00 .part L_0x562d9f453120, 2, 1;
L_0x562d9f456b60 .part L_0x562d9f4528e0, 1, 1;
L_0x562d9f456c50 .part L_0x562d9f453120, 1, 1;
L_0x562d9f456de0 .part L_0x562d9f4528e0, 0, 1;
L_0x562d9f456ed0 .part L_0x562d9f453120, 0, 1;
L_0x562d9f457080 .part L_0x562d9f453120, 3, 1;
L_0x562d9f4572f0 .part L_0x562d9f453120, 2, 1;
L_0x562d9f4574b0 .part L_0x562d9f453120, 1, 1;
L_0x562d9f457610 .part L_0x562d9f453120, 0, 1;
L_0x562d9f457830 .part L_0x562d9f4528e0, 3, 1;
L_0x562d9f457bd0 .part L_0x562d9f4528e0, 2, 1;
L_0x562d9f457d90 .part L_0x562d9f4528e0, 1, 1;
L_0x562d9f457fb0 .part L_0x562d9f4528e0, 0, 1;
S_0x562d9f449f80 .scope module, "eAdd" "Enable" 3 28, 8 1 0, S_0x562d9f3d5f60;
 .timescale 0 0;
    .port_info 0 /OUTPUT 4 "Aout";
    .port_info 1 /OUTPUT 4 "Bout";
    .port_info 2 /INPUT 4 "A";
    .port_info 3 /INPUT 4 "B";
    .port_info 4 /INPUT 1 "Ein";
L_0x562d9f4536f0 .functor AND 1, L_0x562d9f453760, L_0x562d9f450d70, C4<1>, C4<1>;
L_0x562d9f453800 .functor AND 1, L_0x562d9f453870, L_0x562d9f450d70, C4<1>, C4<1>;
L_0x562d9f453910 .functor AND 1, L_0x562d9f453980, L_0x562d9f450d70, C4<1>, C4<1>;
L_0x562d9f453c30 .functor AND 1, L_0x562d9f453d20, L_0x562d9f450d70, C4<1>, C4<1>;
L_0x562d9f454020 .functor AND 1, L_0x562d9f454090, L_0x562d9f450d70, C4<1>, C4<1>;
L_0x562d9f454180 .functor AND 1, L_0x562d9f454230, L_0x562d9f450d70, C4<1>, C4<1>;
L_0x562d9f454320 .functor AND 1, L_0x562d9f454390, L_0x562d9f450d70, C4<1>, C4<1>;
L_0x562d9f454660 .functor AND 1, L_0x562d9f454770, L_0x562d9f450d70, C4<1>, C4<1>;
v0x562d9f44a160_0 .net "A", 3 0, v0x562d9f44fb50_0;  alias, 1 drivers
v0x562d9f44a260_0 .net "Aout", 3 0, L_0x562d9f453a70;  alias, 1 drivers
v0x562d9f44a320_0 .net "B", 3 0, v0x562d9f44fc30_0;  alias, 1 drivers
v0x562d9f44a3c0_0 .net "Bout", 3 0, L_0x562d9f4544d0;  alias, 1 drivers
v0x562d9f44a4b0_0 .net "Ein", 0 0, L_0x562d9f450d70;  alias, 1 drivers
v0x562d9f44a5a0_0 .net *"_ivl_0", 0 0, L_0x562d9f4536f0;  1 drivers
v0x562d9f44a680_0 .net *"_ivl_11", 0 0, L_0x562d9f453980;  1 drivers
v0x562d9f44a760_0 .net *"_ivl_12", 0 0, L_0x562d9f453c30;  1 drivers
v0x562d9f44a840_0 .net *"_ivl_16", 0 0, L_0x562d9f453d20;  1 drivers
v0x562d9f44a920_0 .net *"_ivl_17", 0 0, L_0x562d9f454020;  1 drivers
v0x562d9f44aa00_0 .net *"_ivl_20", 0 0, L_0x562d9f454090;  1 drivers
v0x562d9f44aae0_0 .net *"_ivl_21", 0 0, L_0x562d9f454180;  1 drivers
v0x562d9f44abc0_0 .net *"_ivl_24", 0 0, L_0x562d9f454230;  1 drivers
v0x562d9f44aca0_0 .net *"_ivl_25", 0 0, L_0x562d9f454320;  1 drivers
v0x562d9f44ad80_0 .net *"_ivl_28", 0 0, L_0x562d9f454390;  1 drivers
v0x562d9f44ae60_0 .net *"_ivl_29", 0 0, L_0x562d9f454660;  1 drivers
v0x562d9f44af40_0 .net *"_ivl_3", 0 0, L_0x562d9f453760;  1 drivers
v0x562d9f44b020_0 .net *"_ivl_33", 0 0, L_0x562d9f454770;  1 drivers
v0x562d9f44b100_0 .net *"_ivl_4", 0 0, L_0x562d9f453800;  1 drivers
v0x562d9f44b1e0_0 .net *"_ivl_7", 0 0, L_0x562d9f453870;  1 drivers
v0x562d9f44b2c0_0 .net *"_ivl_8", 0 0, L_0x562d9f453910;  1 drivers
L_0x562d9f453760 .part v0x562d9f44fb50_0, 3, 1;
L_0x562d9f453870 .part v0x562d9f44fb50_0, 2, 1;
L_0x562d9f453980 .part v0x562d9f44fb50_0, 1, 1;
L_0x562d9f453a70 .concat8 [ 1 1 1 1], L_0x562d9f453c30, L_0x562d9f453910, L_0x562d9f453800, L_0x562d9f4536f0;
L_0x562d9f453d20 .part v0x562d9f44fb50_0, 0, 1;
L_0x562d9f454090 .part v0x562d9f44fc30_0, 3, 1;
L_0x562d9f454230 .part v0x562d9f44fc30_0, 2, 1;
L_0x562d9f454390 .part v0x562d9f44fc30_0, 1, 1;
L_0x562d9f4544d0 .concat8 [ 1 1 1 1], L_0x562d9f454660, L_0x562d9f454320, L_0x562d9f454180, L_0x562d9f454020;
L_0x562d9f454770 .part v0x562d9f44fc30_0, 0, 1;
S_0x562d9f44b440 .scope module, "eAnd" "Enable" 3 26, 8 1 0, S_0x562d9f3d5f60;
 .timescale 0 0;
    .port_info 0 /OUTPUT 4 "Aout";
    .port_info 1 /OUTPUT 4 "Bout";
    .port_info 2 /INPUT 4 "A";
    .port_info 3 /INPUT 4 "B";
    .port_info 4 /INPUT 1 "Ein";
L_0x562d9f451010 .functor AND 1, L_0x562d9f451080, L_0x562d9f452420, C4<1>, C4<1>;
L_0x562d9f451120 .functor AND 1, L_0x562d9f4511e0, L_0x562d9f452420, C4<1>, C4<1>;
L_0x562d9f4512d0 .functor AND 1, L_0x562d9f451340, L_0x562d9f452420, C4<1>, C4<1>;
L_0x562d9f4515f0 .functor AND 1, L_0x562d9f451770, L_0x562d9f452420, C4<1>, C4<1>;
L_0x562d9f451920 .functor AND 1, L_0x562d9f451990, L_0x562d9f452420, C4<1>, C4<1>;
L_0x562d9f451ac0 .functor AND 1, L_0x562d9f451b70, L_0x562d9f452420, C4<1>, C4<1>;
L_0x562d9f451c60 .functor AND 1, L_0x562d9f451cd0, L_0x562d9f452420, C4<1>, C4<1>;
L_0x562d9f451fa0 .functor AND 1, L_0x562d9f4521c0, L_0x562d9f452420, C4<1>, C4<1>;
v0x562d9f44b5d0_0 .net "A", 3 0, v0x562d9f44fb50_0;  alias, 1 drivers
v0x562d9f44b6e0_0 .net "Aout", 3 0, L_0x562d9f451430;  alias, 1 drivers
v0x562d9f44b7b0_0 .net "B", 3 0, v0x562d9f44fc30_0;  alias, 1 drivers
v0x562d9f44b8b0_0 .net "Bout", 3 0, L_0x562d9f451e10;  alias, 1 drivers
v0x562d9f44b980_0 .net "Ein", 0 0, L_0x562d9f452420;  1 drivers
v0x562d9f44ba70_0 .net *"_ivl_0", 0 0, L_0x562d9f451010;  1 drivers
v0x562d9f44bb30_0 .net *"_ivl_11", 0 0, L_0x562d9f451340;  1 drivers
v0x562d9f44bc10_0 .net *"_ivl_12", 0 0, L_0x562d9f4515f0;  1 drivers
v0x562d9f44bcf0_0 .net *"_ivl_16", 0 0, L_0x562d9f451770;  1 drivers
v0x562d9f44bdd0_0 .net *"_ivl_17", 0 0, L_0x562d9f451920;  1 drivers
v0x562d9f44beb0_0 .net *"_ivl_20", 0 0, L_0x562d9f451990;  1 drivers
v0x562d9f44bf90_0 .net *"_ivl_21", 0 0, L_0x562d9f451ac0;  1 drivers
v0x562d9f44c070_0 .net *"_ivl_24", 0 0, L_0x562d9f451b70;  1 drivers
v0x562d9f44c150_0 .net *"_ivl_25", 0 0, L_0x562d9f451c60;  1 drivers
v0x562d9f44c230_0 .net *"_ivl_28", 0 0, L_0x562d9f451cd0;  1 drivers
v0x562d9f44c310_0 .net *"_ivl_29", 0 0, L_0x562d9f451fa0;  1 drivers
v0x562d9f44c3f0_0 .net *"_ivl_3", 0 0, L_0x562d9f451080;  1 drivers
v0x562d9f44c4d0_0 .net *"_ivl_33", 0 0, L_0x562d9f4521c0;  1 drivers
v0x562d9f44c5b0_0 .net *"_ivl_4", 0 0, L_0x562d9f451120;  1 drivers
v0x562d9f44c690_0 .net *"_ivl_7", 0 0, L_0x562d9f4511e0;  1 drivers
v0x562d9f44c770_0 .net *"_ivl_8", 0 0, L_0x562d9f4512d0;  1 drivers
L_0x562d9f451080 .part v0x562d9f44fb50_0, 3, 1;
L_0x562d9f4511e0 .part v0x562d9f44fb50_0, 2, 1;
L_0x562d9f451340 .part v0x562d9f44fb50_0, 1, 1;
L_0x562d9f451430 .concat8 [ 1 1 1 1], L_0x562d9f4515f0, L_0x562d9f4512d0, L_0x562d9f451120, L_0x562d9f451010;
L_0x562d9f451770 .part v0x562d9f44fb50_0, 0, 1;
L_0x562d9f451990 .part v0x562d9f44fc30_0, 3, 1;
L_0x562d9f451b70 .part v0x562d9f44fc30_0, 2, 1;
L_0x562d9f451cd0 .part v0x562d9f44fc30_0, 1, 1;
L_0x562d9f451e10 .concat8 [ 1 1 1 1], L_0x562d9f451fa0, L_0x562d9f451c60, L_0x562d9f451ac0, L_0x562d9f451920;
L_0x562d9f4521c0 .part v0x562d9f44fc30_0, 0, 1;
S_0x562d9f44c8f0 .scope module, "eComp" "Enable" 3 27, 8 1 0, S_0x562d9f3d5f60;
 .timescale 0 0;
    .port_info 0 /OUTPUT 4 "Aout";
    .port_info 1 /OUTPUT 4 "Bout";
    .port_info 2 /INPUT 4 "A";
    .port_info 3 /INPUT 4 "B";
    .port_info 4 /INPUT 1 "Ein";
L_0x562d9f4524c0 .functor AND 1, L_0x562d9f452530, L_0x562d9f453620, C4<1>, C4<1>;
L_0x562d9f4525d0 .functor AND 1, L_0x562d9f452690, L_0x562d9f453620, C4<1>, C4<1>;
L_0x562d9f452780 .functor AND 1, L_0x562d9f4527f0, L_0x562d9f453620, C4<1>, C4<1>;
L_0x562d9f452aa0 .functor AND 1, L_0x562d9f452b90, L_0x562d9f453620, C4<1>, C4<1>;
L_0x562d9f452c30 .functor AND 1, L_0x562d9f452ca0, L_0x562d9f453620, C4<1>, C4<1>;
L_0x562d9f452dd0 .functor AND 1, L_0x562d9f452e80, L_0x562d9f453620, C4<1>, C4<1>;
L_0x562d9f452f70 .functor AND 1, L_0x562d9f452fe0, L_0x562d9f453620, C4<1>, C4<1>;
L_0x562d9f4532b0 .functor AND 1, L_0x562d9f4534d0, L_0x562d9f453620, C4<1>, C4<1>;
v0x562d9f44cb00_0 .net "A", 3 0, v0x562d9f44fb50_0;  alias, 1 drivers
v0x562d9f44cc30_0 .net "Aout", 3 0, L_0x562d9f4528e0;  alias, 1 drivers
v0x562d9f44ccf0_0 .net "B", 3 0, v0x562d9f44fc30_0;  alias, 1 drivers
v0x562d9f44ce10_0 .net "Bout", 3 0, L_0x562d9f453120;  alias, 1 drivers
v0x562d9f44ceb0_0 .net "Ein", 0 0, L_0x562d9f453620;  1 drivers
v0x562d9f44cfa0_0 .net *"_ivl_0", 0 0, L_0x562d9f4524c0;  1 drivers
v0x562d9f44d080_0 .net *"_ivl_11", 0 0, L_0x562d9f4527f0;  1 drivers
v0x562d9f44d160_0 .net *"_ivl_12", 0 0, L_0x562d9f452aa0;  1 drivers
v0x562d9f44d240_0 .net *"_ivl_16", 0 0, L_0x562d9f452b90;  1 drivers
v0x562d9f44d320_0 .net *"_ivl_17", 0 0, L_0x562d9f452c30;  1 drivers
v0x562d9f44d400_0 .net *"_ivl_20", 0 0, L_0x562d9f452ca0;  1 drivers
v0x562d9f44d4e0_0 .net *"_ivl_21", 0 0, L_0x562d9f452dd0;  1 drivers
v0x562d9f44d5c0_0 .net *"_ivl_24", 0 0, L_0x562d9f452e80;  1 drivers
v0x562d9f44d6a0_0 .net *"_ivl_25", 0 0, L_0x562d9f452f70;  1 drivers
v0x562d9f44d780_0 .net *"_ivl_28", 0 0, L_0x562d9f452fe0;  1 drivers
v0x562d9f44d860_0 .net *"_ivl_29", 0 0, L_0x562d9f4532b0;  1 drivers
v0x562d9f44d940_0 .net *"_ivl_3", 0 0, L_0x562d9f452530;  1 drivers
v0x562d9f44db30_0 .net *"_ivl_33", 0 0, L_0x562d9f4534d0;  1 drivers
v0x562d9f44dc10_0 .net *"_ivl_4", 0 0, L_0x562d9f4525d0;  1 drivers
v0x562d9f44dcf0_0 .net *"_ivl_7", 0 0, L_0x562d9f452690;  1 drivers
v0x562d9f44ddd0_0 .net *"_ivl_8", 0 0, L_0x562d9f452780;  1 drivers
L_0x562d9f452530 .part v0x562d9f44fb50_0, 3, 1;
L_0x562d9f452690 .part v0x562d9f44fb50_0, 2, 1;
L_0x562d9f4527f0 .part v0x562d9f44fb50_0, 1, 1;
L_0x562d9f4528e0 .concat8 [ 1 1 1 1], L_0x562d9f452aa0, L_0x562d9f452780, L_0x562d9f4525d0, L_0x562d9f4524c0;
L_0x562d9f452b90 .part v0x562d9f44fb50_0, 0, 1;
L_0x562d9f452ca0 .part v0x562d9f44fc30_0, 3, 1;
L_0x562d9f452e80 .part v0x562d9f44fc30_0, 2, 1;
L_0x562d9f452fe0 .part v0x562d9f44fc30_0, 1, 1;
L_0x562d9f453120 .concat8 [ 1 1 1 1], L_0x562d9f4532b0, L_0x562d9f452f70, L_0x562d9f452dd0, L_0x562d9f452c30;
L_0x562d9f4534d0 .part v0x562d9f44fc30_0, 0, 1;
    .scope S_0x562d9f3d6140;
T_0 ;
    %vpi_call 2 11 "$dumpfile", "tb_ALU.vcd" {0 0 0};
    %vpi_call 2 12 "$dumpvars", 32'sb00000000000000000000000000000000, S_0x562d9f3d6140 {0 0 0};
    %pushi/vec4 9, 0, 4;
    %store/vec4 v0x562d9f44fb50_0, 0, 4;
    %pushi/vec4 5, 0, 4;
    %store/vec4 v0x562d9f44fc30_0, 0, 4;
    %pushi/vec4 1, 0, 2;
    %store/vec4 v0x562d9f44fef0_0, 0, 2;
    %delay 10, 0;
    %pushi/vec4 12, 0, 4;
    %store/vec4 v0x562d9f44fb50_0, 0, 4;
    %pushi/vec4 12, 0, 4;
    %store/vec4 v0x562d9f44fc30_0, 0, 4;
    %pushi/vec4 0, 0, 2;
    %store/vec4 v0x562d9f44fef0_0, 0, 2;
    %delay 10, 0;
    %pushi/vec4 4, 0, 4;
    %store/vec4 v0x562d9f44fb50_0, 0, 4;
    %pushi/vec4 9, 0, 4;
    %store/vec4 v0x562d9f44fc30_0, 0, 4;
    %pushi/vec4 0, 0, 2;
    %store/vec4 v0x562d9f44fef0_0, 0, 2;
    %delay 10, 0;
    %pushi/vec4 5, 0, 4;
    %store/vec4 v0x562d9f44fb50_0, 0, 4;
    %pushi/vec4 1, 0, 4;
    %store/vec4 v0x562d9f44fc30_0, 0, 4;
    %pushi/vec4 0, 0, 2;
    %store/vec4 v0x562d9f44fef0_0, 0, 2;
    %delay 10, 0;
    %pushi/vec4 2, 0, 4;
    %store/vec4 v0x562d9f44fb50_0, 0, 4;
    %pushi/vec4 7, 0, 4;
    %store/vec4 v0x562d9f44fc30_0, 0, 4;
    %pushi/vec4 0, 0, 2;
    %store/vec4 v0x562d9f44fef0_0, 0, 2;
    %delay 10, 0;
    %pushi/vec4 3, 0, 4;
    %store/vec4 v0x562d9f44fb50_0, 0, 4;
    %pushi/vec4 3, 0, 4;
    %store/vec4 v0x562d9f44fc30_0, 0, 4;
    %pushi/vec4 1, 0, 2;
    %store/vec4 v0x562d9f44fef0_0, 0, 2;
    %delay 10, 0;
    %pushi/vec4 9, 0, 4;
    %store/vec4 v0x562d9f44fb50_0, 0, 4;
    %pushi/vec4 3, 0, 4;
    %store/vec4 v0x562d9f44fc30_0, 0, 4;
    %pushi/vec4 1, 0, 2;
    %store/vec4 v0x562d9f44fef0_0, 0, 2;
    %delay 10, 0;
    %pushi/vec4 6, 0, 4;
    %store/vec4 v0x562d9f44fb50_0, 0, 4;
    %pushi/vec4 8, 0, 4;
    %store/vec4 v0x562d9f44fc30_0, 0, 4;
    %pushi/vec4 0, 0, 2;
    %store/vec4 v0x562d9f44fef0_0, 0, 2;
    %delay 10, 0;
    %pushi/vec4 15, 0, 4;
    %store/vec4 v0x562d9f44fb50_0, 0, 4;
    %pushi/vec4 0, 0, 4;
    %store/vec4 v0x562d9f44fc30_0, 0, 4;
    %pushi/vec4 1, 0, 2;
    %store/vec4 v0x562d9f44fef0_0, 0, 2;
    %delay 10, 0;
    %pushi/vec4 0, 0, 4;
    %store/vec4 v0x562d9f44fb50_0, 0, 4;
    %pushi/vec4 15, 0, 4;
    %store/vec4 v0x562d9f44fc30_0, 0, 4;
    %pushi/vec4 0, 0, 2;
    %store/vec4 v0x562d9f44fef0_0, 0, 2;
    %delay 10, 0;
    %pushi/vec4 9, 0, 4;
    %store/vec4 v0x562d9f44fb50_0, 0, 4;
    %pushi/vec4 5, 0, 4;
    %store/vec4 v0x562d9f44fc30_0, 0, 4;
    %pushi/vec4 1, 0, 2;
    %store/vec4 v0x562d9f44fef0_0, 0, 2;
    %delay 10, 0;
    %pushi/vec4 12, 0, 4;
    %store/vec4 v0x562d9f44fb50_0, 0, 4;
    %pushi/vec4 12, 0, 4;
    %store/vec4 v0x562d9f44fc30_0, 0, 4;
    %pushi/vec4 2, 0, 2;
    %store/vec4 v0x562d9f44fef0_0, 0, 2;
    %delay 10, 0;
    %pushi/vec4 4, 0, 4;
    %store/vec4 v0x562d9f44fb50_0, 0, 4;
    %pushi/vec4 9, 0, 4;
    %store/vec4 v0x562d9f44fc30_0, 0, 4;
    %pushi/vec4 2, 0, 2;
    %store/vec4 v0x562d9f44fef0_0, 0, 2;
    %delay 10, 0;
    %pushi/vec4 5, 0, 4;
    %store/vec4 v0x562d9f44fb50_0, 0, 4;
    %pushi/vec4 1, 0, 4;
    %store/vec4 v0x562d9f44fc30_0, 0, 4;
    %pushi/vec4 2, 0, 2;
    %store/vec4 v0x562d9f44fef0_0, 0, 2;
    %delay 10, 0;
    %pushi/vec4 2, 0, 4;
    %store/vec4 v0x562d9f44fb50_0, 0, 4;
    %pushi/vec4 7, 0, 4;
    %store/vec4 v0x562d9f44fc30_0, 0, 4;
    %pushi/vec4 2, 0, 2;
    %store/vec4 v0x562d9f44fef0_0, 0, 2;
    %delay 10, 0;
    %pushi/vec4 3, 0, 4;
    %store/vec4 v0x562d9f44fb50_0, 0, 4;
    %pushi/vec4 3, 0, 4;
    %store/vec4 v0x562d9f44fc30_0, 0, 4;
    %pushi/vec4 2, 0, 2;
    %store/vec4 v0x562d9f44fef0_0, 0, 2;
    %delay 10, 0;
    %pushi/vec4 9, 0, 4;
    %store/vec4 v0x562d9f44fb50_0, 0, 4;
    %pushi/vec4 3, 0, 4;
    %store/vec4 v0x562d9f44fc30_0, 0, 4;
    %pushi/vec4 2, 0, 2;
    %store/vec4 v0x562d9f44fef0_0, 0, 2;
    %delay 10, 0;
    %pushi/vec4 6, 0, 4;
    %store/vec4 v0x562d9f44fb50_0, 0, 4;
    %pushi/vec4 8, 0, 4;
    %store/vec4 v0x562d9f44fc30_0, 0, 4;
    %pushi/vec4 2, 0, 2;
    %store/vec4 v0x562d9f44fef0_0, 0, 2;
    %delay 10, 0;
    %pushi/vec4 15, 0, 4;
    %store/vec4 v0x562d9f44fb50_0, 0, 4;
    %pushi/vec4 0, 0, 4;
    %store/vec4 v0x562d9f44fc30_0, 0, 4;
    %pushi/vec4 2, 0, 2;
    %store/vec4 v0x562d9f44fef0_0, 0, 2;
    %delay 10, 0;
    %pushi/vec4 0, 0, 4;
    %store/vec4 v0x562d9f44fb50_0, 0, 4;
    %pushi/vec4 15, 0, 4;
    %store/vec4 v0x562d9f44fc30_0, 0, 4;
    %pushi/vec4 2, 0, 2;
    %store/vec4 v0x562d9f44fef0_0, 0, 2;
    %delay 10, 0;
    %pushi/vec4 9, 0, 4;
    %store/vec4 v0x562d9f44fb50_0, 0, 4;
    %pushi/vec4 5, 0, 4;
    %store/vec4 v0x562d9f44fc30_0, 0, 4;
    %pushi/vec4 2, 0, 2;
    %store/vec4 v0x562d9f44fef0_0, 0, 2;
    %delay 10, 0;
    %pushi/vec4 12, 0, 4;
    %store/vec4 v0x562d9f44fb50_0, 0, 4;
    %pushi/vec4 12, 0, 4;
    %store/vec4 v0x562d9f44fc30_0, 0, 4;
    %pushi/vec4 3, 0, 2;
    %store/vec4 v0x562d9f44fef0_0, 0, 2;
    %delay 10, 0;
    %pushi/vec4 4, 0, 4;
    %store/vec4 v0x562d9f44fb50_0, 0, 4;
    %pushi/vec4 9, 0, 4;
    %store/vec4 v0x562d9f44fc30_0, 0, 4;
    %pushi/vec4 3, 0, 2;
    %store/vec4 v0x562d9f44fef0_0, 0, 2;
    %delay 10, 0;
    %pushi/vec4 5, 0, 4;
    %store/vec4 v0x562d9f44fb50_0, 0, 4;
    %pushi/vec4 1, 0, 4;
    %store/vec4 v0x562d9f44fc30_0, 0, 4;
    %pushi/vec4 3, 0, 2;
    %store/vec4 v0x562d9f44fef0_0, 0, 2;
    %delay 10, 0;
    %pushi/vec4 2, 0, 4;
    %store/vec4 v0x562d9f44fb50_0, 0, 4;
    %pushi/vec4 7, 0, 4;
    %store/vec4 v0x562d9f44fc30_0, 0, 4;
    %pushi/vec4 3, 0, 2;
    %store/vec4 v0x562d9f44fef0_0, 0, 2;
    %delay 10, 0;
    %pushi/vec4 3, 0, 4;
    %store/vec4 v0x562d9f44fb50_0, 0, 4;
    %pushi/vec4 3, 0, 4;
    %store/vec4 v0x562d9f44fc30_0, 0, 4;
    %pushi/vec4 3, 0, 2;
    %store/vec4 v0x562d9f44fef0_0, 0, 2;
    %delay 10, 0;
    %pushi/vec4 9, 0, 4;
    %store/vec4 v0x562d9f44fb50_0, 0, 4;
    %pushi/vec4 3, 0, 4;
    %store/vec4 v0x562d9f44fc30_0, 0, 4;
    %pushi/vec4 3, 0, 2;
    %store/vec4 v0x562d9f44fef0_0, 0, 2;
    %delay 10, 0;
    %pushi/vec4 6, 0, 4;
    %store/vec4 v0x562d9f44fb50_0, 0, 4;
    %pushi/vec4 8, 0, 4;
    %store/vec4 v0x562d9f44fc30_0, 0, 4;
    %pushi/vec4 3, 0, 2;
    %store/vec4 v0x562d9f44fef0_0, 0, 2;
    %delay 10, 0;
    %pushi/vec4 15, 0, 4;
    %store/vec4 v0x562d9f44fb50_0, 0, 4;
    %pushi/vec4 0, 0, 4;
    %store/vec4 v0x562d9f44fc30_0, 0, 4;
    %pushi/vec4 3, 0, 2;
    %store/vec4 v0x562d9f44fef0_0, 0, 2;
    %delay 10, 0;
    %pushi/vec4 0, 0, 4;
    %store/vec4 v0x562d9f44fb50_0, 0, 4;
    %pushi/vec4 15, 0, 4;
    %store/vec4 v0x562d9f44fc30_0, 0, 4;
    %pushi/vec4 3, 0, 2;
    %store/vec4 v0x562d9f44fef0_0, 0, 2;
    %delay 10, 0;
    %vpi_call 2 133 "$finish" {0 0 0};
    %end;
    .thread T_0;
# The file index is used to find the file name in the following table.
:file_names 9;
    "N/A";
    "<interactive>";
    "tb_ALU.v";
    "./ALU.v";
    "./And.v";
    "./Decoder.v";
    "./AdderSubtractor.v";
    "./Comparator.v";
    "./Enable.v";
